mode: set
github.com/agp/db-mcp/internal/commands/setup.go:14.34,51.2 1 1
github.com/agp/db-mcp/internal/commands/setup.go:54.40,64.16 6 1
github.com/agp/db-mcp/internal/commands/setup.go:64.16,67.3 2 0
github.com/agp/db-mcp/internal/commands/setup.go:70.2,79.16 4 1
github.com/agp/db-mcp/internal/commands/setup.go:79.16,83.3 3 1
github.com/agp/db-mcp/internal/commands/setup.go:86.2,86.43 1 0
github.com/agp/db-mcp/internal/commands/setup.go:86.43,91.47 4 0
github.com/agp/db-mcp/internal/commands/setup.go:91.47,92.18 1 0
github.com/agp/db-mcp/internal/commands/setup.go:92.18,95.5 2 0
github.com/agp/db-mcp/internal/commands/setup.go:95.10,98.5 2 0
github.com/agp/db-mcp/internal/commands/setup.go:103.2,105.12 2 0
github.com/agp/db-mcp/internal/commands/setup.go:109.38,112.16 2 1
github.com/agp/db-mcp/internal/commands/setup.go:112.16,115.17 2 1
github.com/agp/db-mcp/internal/commands/setup.go:115.17,117.4 1 1
github.com/agp/db-mcp/internal/commands/setup.go:118.3,118.18 1 0
github.com/agp/db-mcp/internal/commands/setup.go:122.2,129.35 2 0
github.com/agp/db-mcp/internal/commands/setup.go:129.35,130.42 1 0
github.com/agp/db-mcp/internal/commands/setup.go:130.42,132.4 1 0
github.com/agp/db-mcp/internal/commands/setup.go:135.2,135.58 1 0
github.com/agp/db-mcp/internal/commands/setup.go:139.56,140.19 1 1
github.com/agp/db-mcp/internal/commands/setup.go:140.19,142.3 1 1
github.com/agp/db-mcp/internal/commands/setup.go:144.2,146.26 3 1
github.com/agp/db-mcp/internal/commands/setup.go:146.26,148.3 1 1
github.com/agp/db-mcp/internal/commands/setup.go:148.8,150.3 1 1
github.com/agp/db-mcp/internal/commands/setup.go:151.2,157.38 5 1
github.com/agp/db-mcp/internal/commands/setup.go:157.38,159.55 2 1
github.com/agp/db-mcp/internal/commands/setup.go:159.55,161.16 2 1
github.com/agp/db-mcp/internal/commands/setup.go:161.16,163.5 1 1
github.com/agp/db-mcp/internal/commands/setup.go:164.4,164.42 1 1
github.com/agp/db-mcp/internal/commands/setup.go:168.2,168.28 1 1
github.com/agp/db-mcp/internal/commands/setup.go:168.28,170.40 2 1
github.com/agp/db-mcp/internal/commands/setup.go:170.40,172.4 1 1
github.com/agp/db-mcp/internal/commands/setup.go:175.2,176.26 2 1
github.com/agp/db-mcp/internal/commands/setup.go:176.26,180.3 3 1
github.com/agp/db-mcp/internal/commands/setup.go:180.8,182.3 1 1
github.com/agp/db-mcp/internal/commands/setup.go:183.2,183.15 1 1
github.com/agp/db-mcp/internal/commands/setup.go:187.47,189.29 2 1
github.com/agp/db-mcp/internal/commands/setup.go:189.29,191.3 1 1
github.com/agp/db-mcp/internal/commands/setup.go:192.2,192.15 1 1
github.com/agp/db-mcp/internal/commands/status.go:18.35,63.2 1 1
github.com/agp/db-mcp/internal/commands/status.go:66.41,78.16 8 1
github.com/agp/db-mcp/internal/commands/status.go:78.16,83.3 4 1
github.com/agp/db-mcp/internal/commands/status.go:85.2,85.29 1 0
github.com/agp/db-mcp/internal/commands/status.go:85.29,88.3 2 0
github.com/agp/db-mcp/internal/commands/status.go:91.2,92.16 2 0
github.com/agp/db-mcp/internal/commands/status.go:92.16,97.3 4 0
github.com/agp/db-mcp/internal/commands/status.go:98.2,115.16 7 0
github.com/agp/db-mcp/internal/commands/status.go:115.16,120.3 4 0
github.com/agp/db-mcp/internal/commands/status.go:123.2,123.16 1 0
github.com/agp/db-mcp/internal/commands/status.go:124.14,125.26 1 0
github.com/agp/db-mcp/internal/commands/status.go:126.15,127.27 1 0
github.com/agp/db-mcp/internal/commands/status.go:128.10,130.50 2 0
github.com/agp/db-mcp/internal/commands/status.go:134.2,134.29 1 0
github.com/agp/db-mcp/internal/commands/status.go:134.29,136.3 1 0
github.com/agp/db-mcp/internal/commands/status.go:138.2,138.12 1 0
github.com/agp/db-mcp/internal/commands/status.go:142.58,152.27 8 1
github.com/agp/db-mcp/internal/commands/status.go:152.27,154.3 1 0
github.com/agp/db-mcp/internal/commands/status.go:157.2,162.38 5 1
github.com/agp/db-mcp/internal/commands/status.go:162.38,164.3 1 1
github.com/agp/db-mcp/internal/commands/status.go:167.2,167.26 1 1
github.com/agp/db-mcp/internal/commands/status.go:167.26,169.43 2 1
github.com/agp/db-mcp/internal/commands/status.go:169.43,171.4 1 1
github.com/agp/db-mcp/internal/commands/status.go:174.2,175.39 2 1
github.com/agp/db-mcp/internal/commands/status.go:179.57,181.16 2 1
github.com/agp/db-mcp/internal/commands/status.go:181.16,185.3 3 0
github.com/agp/db-mcp/internal/commands/status.go:186.2,186.27 1 1
github.com/agp/db-mcp/internal/commands/status.go:190.33,193.2 1 1
github.com/agp/db-mcp/internal/commands/status.go:196.61,198.23 2 1
github.com/agp/db-mcp/internal/commands/status.go:199.17,200.27 1 1
github.com/agp/db-mcp/internal/commands/status.go:201.19,202.27 1 1
github.com/agp/db-mcp/internal/commands/status.go:203.17,204.31 1 1
github.com/agp/db-mcp/internal/commands/status.go:207.2,209.19 3 1
github.com/agp/db-mcp/internal/commands/status.go:209.19,211.30 2 1
github.com/agp/db-mcp/internal/commands/status.go:211.30,213.4 1 1
github.com/agp/db-mcp/internal/commands/status.go:216.2,221.31 1 1
github.com/agp/db-mcp/internal/commands/status.go:225.50,226.21 1 1
github.com/agp/db-mcp/internal/commands/status.go:226.21,228.3 1 1
github.com/agp/db-mcp/internal/commands/status.go:229.2,229.10 1 1
github.com/agp/db-mcp/internal/config/loader.go:45.26,49.2 1 0
github.com/agp/db-mcp/internal/config/loader.go:58.39,62.63 2 0
github.com/agp/db-mcp/internal/config/loader.go:62.63,64.3 1 0
github.com/agp/db-mcp/internal/config/loader.go:67.2,71.50 3 0
github.com/agp/db-mcp/internal/config/loader.go:71.50,75.3 3 0
github.com/agp/db-mcp/internal/config/loader.go:78.2,80.14 2 0
github.com/agp/db-mcp/internal/config/loader.go:85.50,86.37 1 0
github.com/agp/db-mcp/internal/config/loader.go:86.37,88.32 2 0
github.com/agp/db-mcp/internal/config/loader.go:88.32,89.12 1 0
github.com/agp/db-mcp/internal/config/loader.go:92.3,93.17 2 0
github.com/agp/db-mcp/internal/config/loader.go:93.17,96.12 2 0
github.com/agp/db-mcp/internal/config/loader.go:99.3,101.32 3 0
github.com/agp/db-mcp/internal/config/loader.go:104.2,104.111 1 0
github.com/agp/db-mcp/internal/config/loader.go:109.57,115.16 4 1
github.com/agp/db-mcp/internal/config/loader.go:115.16,117.3 1 1
github.com/agp/db-mcp/internal/config/loader.go:118.2,118.31 1 1
github.com/agp/db-mcp/internal/config/loader.go:122.61,124.16 2 1
github.com/agp/db-mcp/internal/config/loader.go:124.16,126.3 1 1
github.com/agp/db-mcp/internal/config/loader.go:129.2,136.13 4 1
github.com/agp/db-mcp/internal/config/loader.go:137.15,138.66 1 1
github.com/agp/db-mcp/internal/config/loader.go:138.66,140.4 1 0
github.com/agp/db-mcp/internal/config/loader.go:141.23,144.69 3 1
github.com/agp/db-mcp/internal/config/loader.go:144.69,146.4 1 0
github.com/agp/db-mcp/internal/config/loader.go:147.3,147.43 1 1
github.com/agp/db-mcp/internal/config/loader.go:147.43,149.4 1 0
github.com/agp/db-mcp/internal/config/loader.go:150.10,154.69 3 0
github.com/agp/db-mcp/internal/config/loader.go:154.69,156.4 1 0
github.com/agp/db-mcp/internal/config/loader.go:157.3,157.43 1 0
github.com/agp/db-mcp/internal/config/loader.go:157.43,159.4 1 0
github.com/agp/db-mcp/internal/config/loader.go:162.2,162.18 1 1
github.com/agp/db-mcp/internal/config/loader.go:166.36,168.2 1 0
github.com/agp/db-mcp/internal/config/loader.go:172.41,175.2 2 1
github.com/agp/db-mcp/internal/config/loader.go:178.37,179.34 1 1
github.com/agp/db-mcp/internal/config/loader.go:179.34,181.17 2 1
github.com/agp/db-mcp/internal/config/loader.go:181.17,183.4 1 0
github.com/agp/db-mcp/internal/config/loader.go:184.3,184.42 1 1
github.com/agp/db-mcp/internal/config/loader.go:186.2,186.13 1 1
github.com/agp/db-mcp/internal/config/loader.go:190.37,192.2 1 1
github.com/agp/db-mcp/internal/config/loader.go:195.35,198.2 2 1
github.com/agp/db-mcp/internal/config/loader.go:201.40,202.18 1 1
github.com/agp/db-mcp/internal/config/loader.go:203.18,205.20 2 1
github.com/agp/db-mcp/internal/config/loader.go:205.20,207.4 1 0
github.com/agp/db-mcp/internal/config/loader.go:208.3,210.31 2 1
github.com/agp/db-mcp/internal/config/loader.go:210.31,212.4 1 1
github.com/agp/db-mcp/internal/config/loader.go:213.3,213.13 1 1
github.com/agp/db-mcp/internal/config/loader.go:214.15,216.55 1 1
github.com/agp/db-mcp/internal/config/loader.go:217.10,218.12 1 0
github.com/agp/db-mcp/internal/setup/agent_registry.go:18.69,23.2 1 1
github.com/agp/db-mcp/internal/setup/agent_registry.go:26.79,29.30 2 1
github.com/agp/db-mcp/internal/setup/agent_registry.go:29.30,32.17 3 0
github.com/agp/db-mcp/internal/setup/agent_registry.go:32.17,34.4 1 0
github.com/agp/db-mcp/internal/setup/agent_registry.go:34.9,36.4 1 0
github.com/agp/db-mcp/internal/setup/agent_registry.go:39.2,39.27 1 1
github.com/agp/db-mcp/internal/setup/agent_registry.go:39.27,42.17 3 0
github.com/agp/db-mcp/internal/setup/agent_registry.go:42.17,44.4 1 0
github.com/agp/db-mcp/internal/setup/agent_registry.go:44.9,46.4 1 0
github.com/agp/db-mcp/internal/setup/agent_registry.go:49.2,49.22 1 1
github.com/agp/db-mcp/internal/setup/agent_registry.go:49.22,52.17 3 0
github.com/agp/db-mcp/internal/setup/agent_registry.go:52.17,54.4 1 0
github.com/agp/db-mcp/internal/setup/agent_registry.go:54.9,56.4 1 0
github.com/agp/db-mcp/internal/setup/agent_registry.go:59.2,59.16 1 1
github.com/agp/db-mcp/internal/setup/agent_registry.go:65.56,68.2 2 0
github.com/agp/db-mcp/internal/setup/agent_registry.go:71.79,78.28 2 1
github.com/agp/db-mcp/internal/setup/agent_registry.go:78.28,80.17 2 1
github.com/agp/db-mcp/internal/setup/agent_registry.go:80.17,82.4 1 0
github.com/agp/db-mcp/internal/setup/agent_registry.go:84.3,84.57 1 1
github.com/agp/db-mcp/internal/setup/agent_registry.go:84.57,86.4 1 0
github.com/agp/db-mcp/internal/setup/agent_registry.go:90.2,99.71 2 1
github.com/agp/db-mcp/internal/setup/agent_registry.go:99.71,101.3 1 0
github.com/agp/db-mcp/internal/setup/agent_registry.go:103.2,103.12 1 1
github.com/agp/db-mcp/internal/setup/agent_registry.go:108.53,117.28 3 1
github.com/agp/db-mcp/internal/setup/agent_registry.go:117.28,119.17 2 1
github.com/agp/db-mcp/internal/setup/agent_registry.go:119.17,121.4 1 0
github.com/agp/db-mcp/internal/setup/agent_registry.go:123.3,123.57 1 1
github.com/agp/db-mcp/internal/setup/agent_registry.go:123.57,125.4 1 0
github.com/agp/db-mcp/internal/setup/agent_registry.go:129.2,138.51 2 1
github.com/agp/db-mcp/internal/setup/agent_registry.go:143.49,148.69 3 1
github.com/agp/db-mcp/internal/setup/agent_registry.go:148.69,150.3 1 0
github.com/agp/db-mcp/internal/setup/agent_registry.go:153.2,158.28 2 1
github.com/agp/db-mcp/internal/setup/agent_registry.go:158.28,160.17 2 0
github.com/agp/db-mcp/internal/setup/agent_registry.go:160.17,162.4 1 0
github.com/agp/db-mcp/internal/setup/agent_registry.go:164.3,164.57 1 0
github.com/agp/db-mcp/internal/setup/agent_registry.go:164.57,166.4 1 0
github.com/agp/db-mcp/internal/setup/agent_registry.go:170.2,179.51 2 1
github.com/agp/db-mcp/internal/setup/agent_registry.go:183.98,186.48 2 1
github.com/agp/db-mcp/internal/setup/agent_registry.go:186.48,188.3 1 0
github.com/agp/db-mcp/internal/setup/agent_registry.go:191.2,191.22 1 1
github.com/agp/db-mcp/internal/setup/agent_registry.go:191.22,194.17 3 1
github.com/agp/db-mcp/internal/setup/agent_registry.go:194.17,196.4 1 1
github.com/agp/db-mcp/internal/setup/agent_registry.go:200.2,201.16 2 1
github.com/agp/db-mcp/internal/setup/agent_registry.go:201.16,203.3 1 0
github.com/agp/db-mcp/internal/setup/agent_registry.go:206.2,207.59 2 1
github.com/agp/db-mcp/internal/setup/agent_registry.go:207.59,209.3 1 0
github.com/agp/db-mcp/internal/setup/agent_registry.go:212.2,212.49 1 1
github.com/agp/db-mcp/internal/setup/agent_registry.go:212.49,215.3 2 0
github.com/agp/db-mcp/internal/setup/agent_registry.go:217.2,218.12 2 1
github.com/agp/db-mcp/internal/setup/agent_registry.go:222.90,225.48 2 1
github.com/agp/db-mcp/internal/setup/agent_registry.go:225.48,227.3 1 0
github.com/agp/db-mcp/internal/setup/agent_registry.go:230.2,230.22 1 1
github.com/agp/db-mcp/internal/setup/agent_registry.go:230.22,233.17 3 1
github.com/agp/db-mcp/internal/setup/agent_registry.go:233.17,235.4 1 1
github.com/agp/db-mcp/internal/setup/agent_registry.go:239.2,240.16 2 1
github.com/agp/db-mcp/internal/setup/agent_registry.go:240.16,242.3 1 0
github.com/agp/db-mcp/internal/setup/agent_registry.go:245.2,246.59 2 1
github.com/agp/db-mcp/internal/setup/agent_registry.go:246.59,248.3 1 0
github.com/agp/db-mcp/internal/setup/agent_registry.go:251.2,251.49 1 1
github.com/agp/db-mcp/internal/setup/agent_registry.go:251.49,254.3 2 0
github.com/agp/db-mcp/internal/setup/agent_registry.go:256.2,257.12 2 1
github.com/agp/db-mcp/internal/setup/config_writer.go:20.55,24.2 1 1
github.com/agp/db-mcp/internal/setup/config_writer.go:28.65,31.48 2 1
github.com/agp/db-mcp/internal/setup/config_writer.go:31.48,33.3 1 0
github.com/agp/db-mcp/internal/setup/config_writer.go:36.2,36.31 1 1
github.com/agp/db-mcp/internal/setup/config_writer.go:36.31,37.43 1 1
github.com/agp/db-mcp/internal/setup/config_writer.go:37.43,40.4 1 0
github.com/agp/db-mcp/internal/setup/config_writer.go:44.2,45.31 2 1
github.com/agp/db-mcp/internal/setup/config_writer.go:45.31,47.3 1 1
github.com/agp/db-mcp/internal/setup/config_writer.go:50.2,56.20 2 1
github.com/agp/db-mcp/internal/setup/config_writer.go:56.20,58.3 1 1
github.com/agp/db-mcp/internal/setup/config_writer.go:61.2,61.28 1 1
github.com/agp/db-mcp/internal/setup/config_writer.go:65.46,72.16 5 1
github.com/agp/db-mcp/internal/setup/config_writer.go:72.16,74.3 1 0
github.com/agp/db-mcp/internal/setup/config_writer.go:76.2,76.65 1 1
github.com/agp/db-mcp/internal/setup/config_writer.go:76.65,78.3 1 0
github.com/agp/db-mcp/internal/setup/config_writer.go:80.2,80.12 1 1
github.com/agp/db-mcp/internal/setup/config_writer.go:84.63,90.13 4 1
github.com/agp/db-mcp/internal/setup/config_writer.go:91.15,93.17 2 1
github.com/agp/db-mcp/internal/setup/config_writer.go:93.17,95.4 1 0
github.com/agp/db-mcp/internal/setup/config_writer.go:96.10,99.17 2 0
github.com/agp/db-mcp/internal/setup/config_writer.go:99.17,101.4 1 0
github.com/agp/db-mcp/internal/setup/config_writer.go:105.2,107.16 3 1
github.com/agp/db-mcp/internal/setup/config_writer.go:107.16,109.3 1 0
github.com/agp/db-mcp/internal/setup/config_writer.go:111.2,112.62 2 1
github.com/agp/db-mcp/internal/setup/config_writer.go:112.62,116.3 3 0
github.com/agp/db-mcp/internal/setup/config_writer.go:117.2,120.58 2 1
github.com/agp/db-mcp/internal/setup/config_writer.go:120.58,123.3 2 0
github.com/agp/db-mcp/internal/setup/config_writer.go:126.2,126.55 1 1
github.com/agp/db-mcp/internal/setup/config_writer.go:126.55,128.3 1 0
github.com/agp/db-mcp/internal/setup/config_writer.go:130.2,131.12 2 1
github.com/agp/db-mcp/internal/setup/config_writer.go:135.37,136.16 1 1
github.com/agp/db-mcp/internal/setup/config_writer.go:136.16,138.3 1 1
github.com/agp/db-mcp/internal/setup/config_writer.go:139.2,139.20 1 1
github.com/agp/db-mcp/internal/setup/config_writer.go:139.20,141.17 2 1
github.com/agp/db-mcp/internal/setup/config_writer.go:141.17,143.4 1 0
github.com/agp/db-mcp/internal/setup/config_writer.go:144.3,144.42 1 1
github.com/agp/db-mcp/internal/setup/config_writer.go:146.2,146.13 1 1
github.com/agp/db-mcp/internal/setup/config_writer.go:150.35,153.2 2 1
github.com/agp/db-mcp/internal/setup/connection_tester.go:20.67,21.18 1 1
github.com/agp/db-mcp/internal/setup/connection_tester.go:21.18,23.3 1 1
github.com/agp/db-mcp/internal/setup/connection_tester.go:24.2,24.44 1 1
github.com/agp/db-mcp/internal/setup/connection_tester.go:28.87,34.20 4 1
github.com/agp/db-mcp/internal/setup/connection_tester.go:35.18,36.30 1 1
github.com/agp/db-mcp/internal/setup/connection_tester.go:37.15,38.27 1 1
github.com/agp/db-mcp/internal/setup/connection_tester.go:39.16,40.28 1 1
github.com/agp/db-mcp/internal/setup/connection_tester.go:41.10,42.69 1 1
github.com/agp/db-mcp/internal/setup/connection_tester.go:45.2,46.16 2 1
github.com/agp/db-mcp/internal/setup/connection_tester.go:46.16,48.3 1 1
github.com/agp/db-mcp/internal/setup/connection_tester.go:49.2,51.44 2 1
github.com/agp/db-mcp/internal/setup/connection_tester.go:51.44,53.3 1 1
github.com/agp/db-mcp/internal/setup/connection_tester.go:55.2,56.32 2 0
github.com/agp/db-mcp/internal/setup/connection_tester.go:60.51,62.19 2 1
github.com/agp/db-mcp/internal/setup/connection_tester.go:62.19,64.3 1 1
github.com/agp/db-mcp/internal/setup/connection_tester.go:66.2,69.12 2 1
github.com/agp/db-mcp/internal/setup/connection_tester.go:73.48,76.2 1 1
github.com/agp/db-mcp/internal/setup/connection_tester.go:79.49,81.2 1 1
github.com/agp/db-mcp/internal/setup/database_prompts.go:11.57,20.16 5 0
github.com/agp/db-mcp/internal/setup/database_prompts.go:20.16,22.3 1 0
github.com/agp/db-mcp/internal/setup/database_prompts.go:25.2,25.51 1 0
github.com/agp/db-mcp/internal/setup/database_prompts.go:25.51,27.3 1 0
github.com/agp/db-mcp/internal/setup/database_prompts.go:30.2,36.16 3 0
github.com/agp/db-mcp/internal/setup/database_prompts.go:36.16,38.3 1 0
github.com/agp/db-mcp/internal/setup/database_prompts.go:40.2,46.16 2 0
github.com/agp/db-mcp/internal/setup/database_prompts.go:47.27,48.56 1 0
github.com/agp/db-mcp/internal/setup/database_prompts.go:48.56,50.4 1 0
github.com/agp/db-mcp/internal/setup/database_prompts.go:51.16,52.51 1 0
github.com/agp/db-mcp/internal/setup/database_prompts.go:52.51,54.4 1 0
github.com/agp/db-mcp/internal/setup/database_prompts.go:57.2,57.17 1 0
github.com/agp/db-mcp/internal/setup/database_prompts.go:61.66,67.16 2 0
github.com/agp/db-mcp/internal/setup/database_prompts.go:67.16,69.3 1 0
github.com/agp/db-mcp/internal/setup/database_prompts.go:72.2,73.23 2 0
github.com/agp/db-mcp/internal/setup/database_prompts.go:73.23,75.3 1 0
github.com/agp/db-mcp/internal/setup/database_prompts.go:76.2,81.16 3 0
github.com/agp/db-mcp/internal/setup/database_prompts.go:81.16,83.3 1 0
github.com/agp/db-mcp/internal/setup/database_prompts.go:85.2,85.19 1 0
github.com/agp/db-mcp/internal/setup/database_prompts.go:85.19,87.3 1 0
github.com/agp/db-mcp/internal/setup/database_prompts.go:87.8,89.61 2 0
github.com/agp/db-mcp/internal/setup/database_prompts.go:89.61,91.4 1 0
github.com/agp/db-mcp/internal/setup/database_prompts.go:92.3,92.31 1 0
github.com/agp/db-mcp/internal/setup/database_prompts.go:92.31,94.4 1 0
github.com/agp/db-mcp/internal/setup/database_prompts.go:95.3,95.18 1 0
github.com/agp/db-mcp/internal/setup/database_prompts.go:99.2,102.16 2 0
github.com/agp/db-mcp/internal/setup/database_prompts.go:102.16,104.3 1 0
github.com/agp/db-mcp/internal/setup/database_prompts.go:106.2,106.24 1 0
github.com/agp/db-mcp/internal/setup/database_prompts.go:106.24,108.3 1 0
github.com/agp/db-mcp/internal/setup/database_prompts.go:111.2,114.16 2 0
github.com/agp/db-mcp/internal/setup/database_prompts.go:114.16,116.3 1 0
github.com/agp/db-mcp/internal/setup/database_prompts.go:119.2,122.16 2 0
github.com/agp/db-mcp/internal/setup/database_prompts.go:122.16,124.3 1 0
github.com/agp/db-mcp/internal/setup/database_prompts.go:126.2,126.24 1 0
github.com/agp/db-mcp/internal/setup/database_prompts.go:126.24,128.3 1 0
github.com/agp/db-mcp/internal/setup/database_prompts.go:131.2,131.26 1 0
github.com/agp/db-mcp/internal/setup/database_prompts.go:131.26,137.17 2 0
github.com/agp/db-mcp/internal/setup/database_prompts.go:137.17,139.4 1 0
github.com/agp/db-mcp/internal/setup/database_prompts.go:140.8,147.17 2 0
github.com/agp/db-mcp/internal/setup/database_prompts.go:147.17,149.4 1 0
github.com/agp/db-mcp/internal/setup/database_prompts.go:152.2,152.12 1 0
github.com/agp/db-mcp/internal/setup/database_prompts.go:156.54,161.16 2 0
github.com/agp/db-mcp/internal/setup/database_prompts.go:161.16,163.3 1 0
github.com/agp/db-mcp/internal/setup/database_prompts.go:165.2,165.24 1 0
github.com/agp/db-mcp/internal/setup/database_prompts.go:165.24,167.3 1 0
github.com/agp/db-mcp/internal/setup/database_prompts.go:169.2,169.12 1 0
github.com/agp/db-mcp/internal/setup/database_prompts.go:173.46,174.16 1 1
github.com/agp/db-mcp/internal/setup/database_prompts.go:174.16,176.3 1 1
github.com/agp/db-mcp/internal/setup/database_prompts.go:178.2,178.20 1 1
github.com/agp/db-mcp/internal/setup/database_prompts.go:178.20,180.3 1 1
github.com/agp/db-mcp/internal/setup/database_prompts.go:183.2,183.26 1 1
github.com/agp/db-mcp/internal/setup/database_prompts.go:183.26,184.103 1 1
github.com/agp/db-mcp/internal/setup/database_prompts.go:184.103,186.4 1 1
github.com/agp/db-mcp/internal/setup/database_prompts.go:189.2,189.12 1 1
github.com/agp/db-mcp/internal/setup/database_prompts.go:193.39,200.2 3 0
github.com/agp/db-mcp/internal/setup/database_prompts.go:203.54,217.16 3 0
github.com/agp/db-mcp/internal/setup/database_prompts.go:217.16,219.3 1 0
github.com/agp/db-mcp/internal/setup/database_prompts.go:221.2,227.33 2 0
github.com/agp/db-mcp/internal/setup/database_prompts.go:227.33,228.16 1 0
github.com/agp/db-mcp/internal/setup/database_prompts.go:229.25,230.35 1 0
github.com/agp/db-mcp/internal/setup/database_prompts.go:231.22,232.32 1 0
github.com/agp/db-mcp/internal/setup/database_prompts.go:233.17,234.27 1 0
github.com/agp/db-mcp/internal/setup/database_prompts.go:238.2,239.20 2 0
github.com/agp/db-mcp/internal/setup/database_prompts.go:243.59,249.16 3 0
github.com/agp/db-mcp/internal/setup/database_prompts.go:249.16,251.3 1 0
github.com/agp/db-mcp/internal/setup/database_prompts.go:253.2,253.22 1 0
github.com/agp/db-mcp/internal/setup/database_prompts.go:253.22,255.3 1 0
github.com/agp/db-mcp/internal/setup/database_prompts.go:257.2,257.24 1 0
github.com/agp/db-mcp/internal/setup/database_prompts.go:261.46,267.16 3 0
github.com/agp/db-mcp/internal/setup/database_prompts.go:267.16,269.3 1 0
github.com/agp/db-mcp/internal/setup/database_prompts.go:270.2,270.14 1 0
github.com/agp/db-mcp/internal/setup/types.go:41.67,56.2 1 1
github.com/agp/db-mcp/internal/setup/validation.go:10.52,11.47 1 1
github.com/agp/db-mcp/internal/setup/validation.go:11.47,13.3 1 1
github.com/agp/db-mcp/internal/setup/validation.go:15.2,15.20 1 1
github.com/agp/db-mcp/internal/setup/validation.go:16.27,17.52 1 1
github.com/agp/db-mcp/internal/setup/validation.go:17.52,19.4 1 0
github.com/agp/db-mcp/internal/setup/validation.go:20.16,21.55 1 1
github.com/agp/db-mcp/internal/setup/validation.go:21.55,23.4 1 0
github.com/agp/db-mcp/internal/setup/validation.go:24.10,25.58 1 1
github.com/agp/db-mcp/internal/setup/validation.go:28.2,28.12 1 1
github.com/agp/db-mcp/internal/setup/validation.go:32.38,33.16 1 1
github.com/agp/db-mcp/internal/setup/validation.go:33.16,35.3 1 1
github.com/agp/db-mcp/internal/setup/validation.go:37.2,37.20 1 1
github.com/agp/db-mcp/internal/setup/validation.go:37.20,39.3 1 1
github.com/agp/db-mcp/internal/setup/validation.go:41.2,41.26 1 1
github.com/agp/db-mcp/internal/setup/validation.go:41.26,42.103 1 1
github.com/agp/db-mcp/internal/setup/validation.go:42.103,44.4 1 1
github.com/agp/db-mcp/internal/setup/validation.go:47.2,47.12 1 1
github.com/agp/db-mcp/internal/setup/validation.go:51.55,52.20 1 1
github.com/agp/db-mcp/internal/setup/validation.go:52.20,54.3 1 1
github.com/agp/db-mcp/internal/setup/validation.go:56.2,56.38 1 1
github.com/agp/db-mcp/internal/setup/validation.go:56.38,58.3 1 1
github.com/agp/db-mcp/internal/setup/validation.go:60.2,60.24 1 1
github.com/agp/db-mcp/internal/setup/validation.go:60.24,62.3 1 1
github.com/agp/db-mcp/internal/setup/validation.go:64.2,64.24 1 1
github.com/agp/db-mcp/internal/setup/validation.go:64.24,66.3 1 1
github.com/agp/db-mcp/internal/setup/validation.go:68.2,68.12 1 1
github.com/agp/db-mcp/internal/setup/validation.go:72.58,73.24 1 1
github.com/agp/db-mcp/internal/setup/validation.go:73.24,75.3 1 1
github.com/agp/db-mcp/internal/setup/validation.go:77.2,77.12 1 1
github.com/agp/db-mcp/internal/setup/validation.go:81.50,85.2 3 1
github.com/agp/db-mcp/internal/setup/validation.go:88.47,90.16 2 1
github.com/agp/db-mcp/internal/setup/validation.go:90.16,92.3 1 1
github.com/agp/db-mcp/internal/setup/validation.go:94.2,94.30 1 1
github.com/agp/db-mcp/internal/setup/validation.go:94.30,96.3 1 1
github.com/agp/db-mcp/internal/setup/validation.go:98.2,98.18 1 1
github.com/agp/db-mcp/internal/setup/wizard.go:18.47,19.20 1 0
github.com/agp/db-mcp/internal/setup/wizard.go:19.20,23.3 1 0
github.com/agp/db-mcp/internal/setup/wizard.go:25.2,33.3 1 0
github.com/agp/db-mcp/internal/setup/wizard.go:37.46,45.16 4 0
github.com/agp/db-mcp/internal/setup/wizard.go:45.16,47.3 1 0
github.com/agp/db-mcp/internal/setup/wizard.go:49.2,49.25 1 0
github.com/agp/db-mcp/internal/setup/wizard.go:49.25,52.3 2 0
github.com/agp/db-mcp/internal/setup/wizard.go:54.2,57.35 2 0
github.com/agp/db-mcp/internal/setup/wizard.go:57.35,59.32 2 0
github.com/agp/db-mcp/internal/setup/wizard.go:59.32,62.18 3 0
github.com/agp/db-mcp/internal/setup/wizard.go:62.18,65.5 2 0
github.com/agp/db-mcp/internal/setup/wizard.go:66.4,66.16 1 0
github.com/agp/db-mcp/internal/setup/wizard.go:66.16,70.19 3 0
github.com/agp/db-mcp/internal/setup/wizard.go:70.19,72.6 1 0
github.com/agp/db-mcp/internal/setup/wizard.go:73.5,73.14 1 0
github.com/agp/db-mcp/internal/setup/wizard.go:73.14,75.20 2 0
github.com/agp/db-mcp/internal/setup/wizard.go:75.20,77.7 1 0
github.com/agp/db-mcp/internal/setup/wizard.go:78.6,79.9 2 0
github.com/agp/db-mcp/internal/setup/wizard.go:80.11,82.6 1 0
github.com/agp/db-mcp/internal/setup/wizard.go:83.10,85.5 1 0
github.com/agp/db-mcp/internal/setup/wizard.go:90.2,91.56 2 0
github.com/agp/db-mcp/internal/setup/wizard.go:91.56,93.3 1 0
github.com/agp/db-mcp/internal/setup/wizard.go:94.2,98.38 3 0
github.com/agp/db-mcp/internal/setup/wizard.go:98.38,100.53 2 0
github.com/agp/db-mcp/internal/setup/wizard.go:100.53,103.4 1 0
github.com/agp/db-mcp/internal/setup/wizard.go:107.2,109.22 2 0
github.com/agp/db-mcp/internal/setup/wizard.go:113.62,116.20 2 0
github.com/agp/db-mcp/internal/setup/wizard.go:116.20,118.17 2 0
github.com/agp/db-mcp/internal/setup/wizard.go:118.17,120.4 1 0
github.com/agp/db-mcp/internal/setup/wizard.go:123.3,123.48 1 0
github.com/agp/db-mcp/internal/setup/wizard.go:123.48,125.12 2 0
github.com/agp/db-mcp/internal/setup/wizard.go:128.3,131.13 2 0
github.com/agp/db-mcp/internal/setup/wizard.go:131.13,133.9 2 0
github.com/agp/db-mcp/internal/setup/wizard.go:136.3,137.17 2 0
github.com/agp/db-mcp/internal/setup/wizard.go:137.17,139.4 1 0
github.com/agp/db-mcp/internal/setup/wizard.go:141.3,141.18 1 0
github.com/agp/db-mcp/internal/setup/wizard.go:141.18,142.9 1 0
github.com/agp/db-mcp/internal/setup/wizard.go:146.2,146.23 1 0
github.com/agp/db-mcp/internal/setup/wizard.go:150.50,152.16 2 0
github.com/agp/db-mcp/internal/setup/wizard.go:152.16,154.3 1 0
github.com/agp/db-mcp/internal/setup/wizard.go:157.2,157.38 1 0
github.com/agp/db-mcp/internal/setup/wizard.go:157.38,159.3 1 0
github.com/agp/db-mcp/internal/setup/wizard.go:161.2,161.12 1 0
github.com/agp/db-mcp/internal/setup/wizard.go:165.45,168.2 2 0
github.com/agp/db-mcp/internal/setup/wizard.go:171.23,177.2 5 0
github.com/agp/db-mcp/internal/setup/wizard.go:180.45,188.38 7 0
github.com/agp/db-mcp/internal/setup/wizard.go:188.38,190.55 2 0
github.com/agp/db-mcp/internal/setup/wizard.go:190.55,191.15 1 0
github.com/agp/db-mcp/internal/setup/wizard.go:191.15,193.5 1 0
github.com/agp/db-mcp/internal/setup/wizard.go:193.10,195.5 1 0
github.com/agp/db-mcp/internal/setup/wizard.go:199.2,202.55 4 0
github.com/agp/db-mcp/internal/db/postgres/driver.go:25.56,27.16 2 0
github.com/agp/db-mcp/internal/db/postgres/driver.go:27.16,29.3 1 0
github.com/agp/db-mcp/internal/db/postgres/driver.go:31.2,31.22 1 0
github.com/agp/db-mcp/internal/db/postgres/driver.go:31.22,33.3 1 0
github.com/agp/db-mcp/internal/db/postgres/driver.go:34.2,34.22 1 0
github.com/agp/db-mcp/internal/db/postgres/driver.go:34.22,36.3 1 0
github.com/agp/db-mcp/internal/db/postgres/driver.go:37.2,37.37 1 0
github.com/agp/db-mcp/internal/db/postgres/driver.go:37.37,39.3 1 0
github.com/agp/db-mcp/internal/db/postgres/driver.go:41.2,41.32 1 0
github.com/agp/db-mcp/internal/db/postgres/driver.go:44.98,46.2 1 0
github.com/agp/db-mcp/internal/db/postgres/driver.go:48.98,50.2 1 0
github.com/agp/db-mcp/internal/db/postgres/driver.go:52.85,54.2 1 0
github.com/agp/db-mcp/internal/db/postgres/driver.go:56.57,58.2 1 0
github.com/agp/db-mcp/internal/db/postgres/driver.go:60.32,62.2 1 0
github.com/agp/db-mcp/internal/db/postgres/driver.go:64.38,66.2 1 0
github.com/agp/db-mcp/cmd/server/main.go:23.13,25.47 1 0
github.com/agp/db-mcp/cmd/server/main.go:25.47,28.3 1 0
github.com/agp/db-mcp/cmd/server/main.go:28.8,30.48 1 0
github.com/agp/db-mcp/cmd/server/main.go:30.48,32.4 1 0
github.com/agp/db-mcp/cmd/server/main.go:34.3,34.17 1 0
github.com/agp/db-mcp/cmd/server/main.go:39.15,59.38 1 0
github.com/agp/db-mcp/cmd/server/main.go:59.38,60.21 1 0
github.com/agp/db-mcp/cmd/server/main.go:60.21,75.5 14 0
github.com/agp/db-mcp/cmd/server/main.go:76.4,76.29 1 0
github.com/agp/db-mcp/cmd/server/main.go:81.2,83.41 2 0
github.com/agp/db-mcp/cmd/server/main.go:83.41,86.3 2 0
github.com/agp/db-mcp/cmd/server/main.go:90.21,97.16 3 0
github.com/agp/db-mcp/cmd/server/main.go:97.16,100.3 1 0
github.com/agp/db-mcp/cmd/server/main.go:100.8,103.3 1 0
github.com/agp/db-mcp/cmd/server/main.go:106.2,107.19 2 0
github.com/agp/db-mcp/cmd/server/main.go:107.19,109.3 1 0
github.com/agp/db-mcp/cmd/server/main.go:111.2,112.16 2 0
github.com/agp/db-mcp/cmd/server/main.go:112.16,115.16 2 0
github.com/agp/db-mcp/cmd/server/main.go:115.16,117.4 1 0
github.com/agp/db-mcp/cmd/server/main.go:118.3,118.13 1 0
github.com/agp/db-mcp/cmd/server/main.go:122.2,123.16 2 0
github.com/agp/db-mcp/cmd/server/main.go:123.16,125.16 2 0
github.com/agp/db-mcp/cmd/server/main.go:125.16,127.4 1 0
github.com/agp/db-mcp/cmd/server/main.go:128.3,128.13 1 0
github.com/agp/db-mcp/cmd/server/main.go:130.2,134.21 3 0
github.com/agp/db-mcp/cmd/server/main.go:134.21,136.3 1 0
github.com/agp/db-mcp/cmd/server/main.go:137.2,138.16 2 0
github.com/agp/db-mcp/cmd/server/main.go:138.16,140.16 2 0
github.com/agp/db-mcp/cmd/server/main.go:140.16,142.4 1 0
github.com/agp/db-mcp/cmd/server/main.go:143.3,143.13 1 0
github.com/agp/db-mcp/cmd/server/main.go:145.2,145.15 1 0
github.com/agp/db-mcp/cmd/server/main.go:145.15,146.45 1 0
github.com/agp/db-mcp/cmd/server/main.go:146.45,148.4 1 0
github.com/agp/db-mcp/cmd/server/main.go:152.2,153.63 2 0
github.com/agp/db-mcp/cmd/server/main.go:153.63,154.53 1 0
github.com/agp/db-mcp/cmd/server/main.go:154.53,156.4 1 0
github.com/agp/db-mcp/cmd/server/main.go:158.2,170.15 5 0
github.com/agp/db-mcp/cmd/server/main.go:170.15,172.3 1 0
github.com/agp/db-mcp/cmd/server/main.go:172.8,175.3 1 0
github.com/agp/db-mcp/cmd/server/main.go:177.2,183.12 5 0
github.com/agp/db-mcp/cmd/server/main.go:183.12,189.3 5 0
github.com/agp/db-mcp/cmd/server/main.go:191.2,192.44 2 0
github.com/agp/db-mcp/cmd/server/main.go:192.44,194.16 1 0
github.com/agp/db-mcp/cmd/server/main.go:194.16,197.4 2 0
github.com/agp/db-mcp/cmd/server/main.go:198.3,198.13 1 0
github.com/agp/db-mcp/cmd/server/main.go:203.56,215.2 9 0
github.com/agp/db-mcp/cmd/server/main.go:218.25,221.2 2 0
github.com/agp/db-mcp/cmd/server/main.go:224.23,227.18 3 0
github.com/agp/db-mcp/cmd/server/main.go:228.15,229.26 1 0
github.com/agp/db-mcp/cmd/server/main.go:230.14,231.25 1 0
github.com/agp/db-mcp/cmd/server/main.go:232.15,233.26 1 0
github.com/agp/db-mcp/cmd/server/main.go:234.10,235.25 1 0
github.com/agp/db-mcp/cmd/server/main.go:239.2,240.25 2 0
github.com/agp/db-mcp/internal/db/mysql/driver.go:25.56,27.16 2 0
github.com/agp/db-mcp/internal/db/mysql/driver.go:27.16,29.3 1 0
github.com/agp/db-mcp/internal/db/mysql/driver.go:31.2,31.22 1 0
github.com/agp/db-mcp/internal/db/mysql/driver.go:31.22,33.3 1 0
github.com/agp/db-mcp/internal/db/mysql/driver.go:34.2,34.22 1 0
github.com/agp/db-mcp/internal/db/mysql/driver.go:34.22,36.3 1 0
github.com/agp/db-mcp/internal/db/mysql/driver.go:37.2,37.37 1 0
github.com/agp/db-mcp/internal/db/mysql/driver.go:37.37,39.3 1 0
github.com/agp/db-mcp/internal/db/mysql/driver.go:41.2,41.32 1 0
github.com/agp/db-mcp/internal/db/mysql/driver.go:44.98,46.2 1 0
github.com/agp/db-mcp/internal/db/mysql/driver.go:48.98,50.2 1 0
github.com/agp/db-mcp/internal/db/mysql/driver.go:52.85,54.2 1 0
github.com/agp/db-mcp/internal/db/mysql/driver.go:56.57,58.2 1 0
github.com/agp/db-mcp/internal/db/mysql/driver.go:60.32,62.2 1 0
github.com/agp/db-mcp/internal/db/mysql/driver.go:64.38,66.2 1 0
github.com/agp/db-mcp/internal/db/manager.go:20.68,25.35 2 0
github.com/agp/db-mcp/internal/db/manager.go:25.35,27.17 2 0
github.com/agp/db-mcp/internal/db/manager.go:27.17,29.4 1 0
github.com/agp/db-mcp/internal/db/manager.go:30.3,30.29 1 0
github.com/agp/db-mcp/internal/db/manager.go:32.2,32.15 1 0
github.com/agp/db-mcp/internal/db/manager.go:36.60,41.9 4 0
github.com/agp/db-mcp/internal/db/manager.go:41.9,43.3 1 0
github.com/agp/db-mcp/internal/db/manager.go:44.2,44.17 1 0
github.com/agp/db-mcp/internal/db/manager.go:48.53,50.2 1 0
github.com/agp/db-mcp/internal/db/manager.go:53.30,57.33 3 0
github.com/agp/db-mcp/internal/db/manager.go:57.33,60.3 2 0
github.com/agp/db-mcp/internal/db/manager.go:63.57,66.21 2 0
github.com/agp/db-mcp/internal/db/manager.go:67.18,71.5 1 0
github.com/agp/db-mcp/internal/db/manager.go:72.15,76.5 1 0
github.com/agp/db-mcp/internal/db/manager.go:77.10,78.63 1 0
github.com/agp/db-mcp/internal/db/mock_driver.go:18.102,19.29 1 0
github.com/agp/db-mcp/internal/db/mock_driver.go:19.29,21.3 1 0
github.com/agp/db-mcp/internal/db/mock_driver.go:22.2,22.17 1 0
github.com/agp/db-mcp/internal/db/mock_driver.go:25.102,26.28 1 0
github.com/agp/db-mcp/internal/db/mock_driver.go:26.28,28.3 1 0
github.com/agp/db-mcp/internal/db/mock_driver.go:29.2,29.17 1 0
github.com/agp/db-mcp/internal/db/mock_driver.go:32.89,33.24 1 0
github.com/agp/db-mcp/internal/db/mock_driver.go:33.24,35.3 1 0
github.com/agp/db-mcp/internal/db/mock_driver.go:36.2,36.17 1 0
github.com/agp/db-mcp/internal/db/mock_driver.go:39.61,40.28 1 0
github.com/agp/db-mcp/internal/db/mock_driver.go:40.28,42.3 1 0
github.com/agp/db-mcp/internal/db/mock_driver.go:43.2,43.12 1 0
github.com/agp/db-mcp/internal/db/mock_driver.go:46.36,47.22 1 0
github.com/agp/db-mcp/internal/db/mock_driver.go:47.22,49.3 1 0
github.com/agp/db-mcp/internal/db/mock_driver.go:50.2,50.12 1 0
github.com/agp/db-mcp/internal/db/mock_driver.go:53.42,54.27 1 0
github.com/agp/db-mcp/internal/db/mock_driver.go:54.27,56.3 1 0
github.com/agp/db-mcp/internal/db/mock_driver.go:57.2,57.19 1 0
github.com/agp/db-mcp/internal/db/mock_driver.go:68.51,70.2 1 0
github.com/agp/db-mcp/internal/db/mock_driver.go:72.51,74.2 1 0
github.com/agp/db-mcp/internal/audit/logger.go:33.40,35.16 2 0
github.com/agp/db-mcp/internal/audit/logger.go:35.16,37.3 1 0
github.com/agp/db-mcp/internal/audit/logger.go:38.2,38.30 1 0
github.com/agp/db-mcp/internal/audit/logger.go:42.40,47.16 4 0
github.com/agp/db-mcp/internal/audit/logger.go:47.16,49.3 1 0
github.com/agp/db-mcp/internal/audit/logger.go:50.2,50.41 1 0
github.com/agp/db-mcp/internal/audit/logger.go:54.32,58.2 3 0
github.com/agp/db-mcp/internal/mcp/server.go:21.46,24.2 2 0
github.com/agp/db-mcp/internal/mcp/server.go:27.77,29.2 1 0
github.com/agp/db-mcp/internal/mcp/server.go:32.58,35.2 2 0
github.com/agp/db-mcp/internal/mcp/tools.go:19.44,22.44 2 0
github.com/agp/db-mcp/internal/mcp/tools.go:22.44,24.3 1 0
github.com/agp/db-mcp/internal/mcp/tools.go:26.2,251.47 28 0
github.com/agp/db-mcp/internal/tools/common.go:15.66,20.2 1 1
github.com/agp/db-mcp/internal/tools/common.go:23.32,24.16 1 1
github.com/agp/db-mcp/internal/tools/common.go:24.16,26.3 1 1
github.com/agp/db-mcp/internal/tools/common.go:27.2,27.25 1 1
github.com/agp/db-mcp/internal/tools/common.go:27.25,29.3 1 1
github.com/agp/db-mcp/internal/tools/common.go:30.2,30.14 1 1
github.com/agp/db-mcp/internal/tools/common.go:34.59,37.2 2 1
github.com/agp/db-mcp/internal/tools/common.go:40.69,42.9 2 1
github.com/agp/db-mcp/internal/tools/common.go:42.9,44.3 1 1
github.com/agp/db-mcp/internal/tools/common.go:45.2,45.25 1 1
github.com/agp/db-mcp/internal/tools/common.go:46.11,47.13 1 0
github.com/agp/db-mcp/internal/tools/common.go:48.15,49.18 1 1
github.com/agp/db-mcp/internal/tools/common.go:50.13,51.18 1 0
github.com/agp/db-mcp/internal/tools/common.go:53.2,53.19 1 0
github.com/agp/db-mcp/internal/tools/common.go:57.55,60.2 2 1
github.com/agp/db-mcp/internal/tools/common.go:63.57,66.2 2 1
github.com/agp/db-mcp/internal/tools/health.go:64.80,65.19 1 1
github.com/agp/db-mcp/internal/tools/health.go:65.19,67.3 1 1
github.com/agp/db-mcp/internal/tools/health.go:68.2,71.3 1 1
github.com/agp/db-mcp/internal/tools/health.go:75.108,76.16 1 0
github.com/agp/db-mcp/internal/tools/health.go:76.16,78.3 1 0
github.com/agp/db-mcp/internal/tools/health.go:81.2,81.22 1 0
github.com/agp/db-mcp/internal/tools/health.go:81.22,83.3 1 0
github.com/agp/db-mcp/internal/tools/health.go:86.2,89.33 3 0
github.com/agp/db-mcp/internal/tools/health.go:89.33,91.39 1 0
github.com/agp/db-mcp/internal/tools/health.go:91.39,93.4 1 0
github.com/agp/db-mcp/internal/tools/health.go:94.8,96.3 1 0
github.com/agp/db-mcp/internal/tools/health.go:99.2,108.18 4 0
github.com/agp/db-mcp/internal/tools/health.go:108.18,110.3 1 0
github.com/agp/db-mcp/internal/tools/health.go:110.8,112.3 1 0
github.com/agp/db-mcp/internal/tools/health.go:115.2,115.42 1 0
github.com/agp/db-mcp/internal/tools/health.go:115.42,117.24 2 0
github.com/agp/db-mcp/internal/tools/health.go:118.18,119.27 1 0
github.com/agp/db-mcp/internal/tools/health.go:120.20,121.29 1 0
github.com/agp/db-mcp/internal/tools/health.go:122.18,123.27 1 0
github.com/agp/db-mcp/internal/tools/health.go:127.2,127.22 1 0
github.com/agp/db-mcp/internal/tools/health.go:131.112,132.33 1 0
github.com/agp/db-mcp/internal/tools/health.go:132.33,135.3 2 0
github.com/agp/db-mcp/internal/tools/health.go:139.110,144.33 4 0
github.com/agp/db-mcp/internal/tools/health.go:144.33,146.22 2 0
github.com/agp/db-mcp/internal/tools/health.go:146.22,149.26 3 0
github.com/agp/db-mcp/internal/tools/health.go:149.26,151.5 1 0
github.com/agp/db-mcp/internal/tools/health.go:152.4,152.25 1 0
github.com/agp/db-mcp/internal/tools/health.go:156.2,160.34 4 0
github.com/agp/db-mcp/internal/tools/health.go:160.34,162.3 1 0
github.com/agp/db-mcp/internal/tools/health.go:164.2,164.34 1 0
github.com/agp/db-mcp/internal/tools/health.go:164.34,166.3 1 0
github.com/agp/db-mcp/internal/tools/health.go:170.96,179.16 3 0
github.com/agp/db-mcp/internal/tools/health.go:179.16,184.3 4 0
github.com/agp/db-mcp/internal/tools/health.go:186.2,194.20 6 0
github.com/agp/db-mcp/internal/tools/health.go:194.20,199.3 4 0
github.com/agp/db-mcp/internal/tools/health.go:201.2,208.15 5 0
github.com/agp/db-mcp/internal/tools/health.go:212.93,215.24 2 1
github.com/agp/db-mcp/internal/tools/health.go:215.24,217.3 1 0
github.com/agp/db-mcp/internal/tools/health.go:219.2,219.38 1 1
github.com/agp/db-mcp/internal/tools/health.go:219.38,220.29 1 1
github.com/agp/db-mcp/internal/tools/health.go:220.29,230.9 6 1
github.com/agp/db-mcp/internal/tools/health.go:236.81,243.2 4 1
github.com/agp/db-mcp/internal/tools/health.go:246.60,247.24 1 1
github.com/agp/db-mcp/internal/tools/health.go:248.18,249.90 1 1
github.com/agp/db-mcp/internal/tools/health.go:250.15,251.87 1 1
github.com/agp/db-mcp/internal/tools/health.go:252.16,254.54 1 1
github.com/agp/db-mcp/internal/tools/health.go:255.10,256.12 1 1
github.com/agp/db-mcp/internal/tools/health.go:261.83,268.16 3 0
github.com/agp/db-mcp/internal/tools/health.go:268.16,270.3 1 0
github.com/agp/db-mcp/internal/tools/health.go:272.2,273.16 2 0
github.com/agp/db-mcp/internal/tools/health.go:273.16,275.3 1 0
github.com/agp/db-mcp/internal/tools/health.go:277.2,277.26 1 0
github.com/agp/db-mcp/internal/tools/meta.go:28.116,40.16 5 1
github.com/agp/db-mcp/internal/tools/meta.go:40.16,42.3 1 0
github.com/agp/db-mcp/internal/tools/meta.go:44.2,52.49 2 1
github.com/agp/db-mcp/internal/tools/meta.go:64.115,69.25 4 1
github.com/agp/db-mcp/internal/tools/meta.go:69.25,71.3 1 1
github.com/agp/db-mcp/internal/tools/meta.go:72.2,83.16 4 1
github.com/agp/db-mcp/internal/tools/meta.go:83.16,95.3 2 1
github.com/agp/db-mcp/internal/tools/meta.go:97.2,98.46 2 1
github.com/agp/db-mcp/internal/tools/meta.go:98.46,110.3 2 1
github.com/agp/db-mcp/internal/tools/meta.go:111.2,126.43 4 1
github.com/agp/db-mcp/internal/tools/query.go:22.113,33.18 9 1
github.com/agp/db-mcp/internal/tools/query.go:33.18,35.3 1 1
github.com/agp/db-mcp/internal/tools/query.go:36.2,36.17 1 1
github.com/agp/db-mcp/internal/tools/query.go:36.17,38.3 1 1
github.com/agp/db-mcp/internal/tools/query.go:40.2,51.16 3 1
github.com/agp/db-mcp/internal/tools/query.go:51.16,53.3 1 0
github.com/agp/db-mcp/internal/tools/query.go:56.2,57.16 2 1
github.com/agp/db-mcp/internal/tools/query.go:57.16,59.3 1 1
github.com/agp/db-mcp/internal/tools/query.go:60.2,60.15 1 1
github.com/agp/db-mcp/internal/tools/query.go:60.15,60.36 1 1
github.com/agp/db-mcp/internal/tools/query.go:63.2,63.27 1 1
github.com/agp/db-mcp/internal/tools/query.go:64.18,65.77 1 1
github.com/agp/db-mcp/internal/tools/query.go:65.77,67.4 1 0
github.com/agp/db-mcp/internal/tools/query.go:68.15,69.85 1 0
github.com/agp/db-mcp/internal/tools/query.go:69.85,71.4 1 0
github.com/agp/db-mcp/internal/tools/query.go:74.2,75.16 2 1
github.com/agp/db-mcp/internal/tools/query.go:75.16,77.3 1 0
github.com/agp/db-mcp/internal/tools/query.go:78.2,78.15 1 1
github.com/agp/db-mcp/internal/tools/query.go:78.15,79.38 1 1
github.com/agp/db-mcp/internal/tools/query.go:79.38,81.4 1 0
github.com/agp/db-mcp/internal/tools/query.go:84.2,85.16 2 1
github.com/agp/db-mcp/internal/tools/query.go:85.16,87.3 1 0
github.com/agp/db-mcp/internal/tools/query.go:89.2,91.38 3 1
github.com/agp/db-mcp/internal/tools/query.go:91.38,94.23 3 1
github.com/agp/db-mcp/internal/tools/query.go:94.23,96.4 1 1
github.com/agp/db-mcp/internal/tools/query.go:97.3,97.44 1 1
github.com/agp/db-mcp/internal/tools/query.go:97.44,99.4 1 0
github.com/agp/db-mcp/internal/tools/query.go:100.3,101.28 2 1
github.com/agp/db-mcp/internal/tools/query.go:101.28,103.37 1 1
github.com/agp/db-mcp/internal/tools/query.go:103.37,105.5 1 0
github.com/agp/db-mcp/internal/tools/query.go:105.10,107.5 1 1
github.com/agp/db-mcp/internal/tools/query.go:109.3,110.13 2 1
github.com/agp/db-mcp/internal/tools/query.go:112.2,112.35 1 1
github.com/agp/db-mcp/internal/tools/query.go:112.35,114.3 1 0
github.com/agp/db-mcp/internal/tools/query.go:116.2,116.19 1 1
github.com/agp/db-mcp/internal/tools/query.go:116.19,118.3 1 0
github.com/agp/db-mcp/internal/tools/query.go:120.2,122.49 3 1
github.com/agp/db-mcp/internal/tools/query.go:131.116,138.14 5 1
github.com/agp/db-mcp/internal/tools/query.go:138.14,140.3 1 1
github.com/agp/db-mcp/internal/tools/query.go:142.2,147.18 5 1
github.com/agp/db-mcp/internal/tools/query.go:147.18,149.3 1 0
github.com/agp/db-mcp/internal/tools/query.go:150.2,150.17 1 1
github.com/agp/db-mcp/internal/tools/query.go:150.17,152.3 1 0
github.com/agp/db-mcp/internal/tools/query.go:154.2,165.16 3 1
github.com/agp/db-mcp/internal/tools/query.go:165.16,167.3 1 0
github.com/agp/db-mcp/internal/tools/query.go:169.2,170.16 2 1
github.com/agp/db-mcp/internal/tools/query.go:170.16,172.3 1 0
github.com/agp/db-mcp/internal/tools/query.go:174.2,179.41 4 1
github.com/agp/db-mcp/internal/tools/query.go:188.113,198.18 8 0
github.com/agp/db-mcp/internal/tools/query.go:198.18,200.3 1 0
github.com/agp/db-mcp/internal/tools/query.go:201.2,201.17 1 0
github.com/agp/db-mcp/internal/tools/query.go:201.17,203.3 1 0
github.com/agp/db-mcp/internal/tools/query.go:205.2,216.16 3 0
github.com/agp/db-mcp/internal/tools/query.go:216.16,218.3 1 0
github.com/agp/db-mcp/internal/tools/query.go:220.2,221.27 2 0
github.com/agp/db-mcp/internal/tools/query.go:222.18,223.50 1 0
github.com/agp/db-mcp/internal/tools/query.go:224.15,225.48 1 0
github.com/agp/db-mcp/internal/tools/query.go:226.10,227.72 1 0
github.com/agp/db-mcp/internal/tools/query.go:230.2,231.16 2 0
github.com/agp/db-mcp/internal/tools/query.go:231.16,233.3 1 0
github.com/agp/db-mcp/internal/tools/query.go:234.2,234.15 1 0
github.com/agp/db-mcp/internal/tools/query.go:234.15,235.38 1 0
github.com/agp/db-mcp/internal/tools/query.go:235.38,237.4 1 0
github.com/agp/db-mcp/internal/tools/query.go:240.2,241.17 2 0
github.com/agp/db-mcp/internal/tools/query.go:241.17,242.42 1 0
github.com/agp/db-mcp/internal/tools/query.go:242.42,244.4 1 0
github.com/agp/db-mcp/internal/tools/query.go:246.2,246.35 1 0
github.com/agp/db-mcp/internal/tools/query.go:246.35,248.3 1 0
github.com/agp/db-mcp/internal/tools/query.go:250.2,251.41 2 0
github.com/agp/db-mcp/internal/tools/schema.go:27.114,34.18 6 1
github.com/agp/db-mcp/internal/tools/schema.go:34.18,36.3 1 1
github.com/agp/db-mcp/internal/tools/schema.go:38.2,41.16 3 1
github.com/agp/db-mcp/internal/tools/schema.go:41.16,43.3 1 1
github.com/agp/db-mcp/internal/tools/schema.go:45.2,46.27 2 1
github.com/agp/db-mcp/internal/tools/schema.go:47.18,48.89 1 1
github.com/agp/db-mcp/internal/tools/schema.go:49.15,50.27 1 0
github.com/agp/db-mcp/internal/tools/schema.go:51.10,52.72 1 1
github.com/agp/db-mcp/internal/tools/schema.go:55.2,56.16 2 1
github.com/agp/db-mcp/internal/tools/schema.go:56.16,58.3 1 1
github.com/agp/db-mcp/internal/tools/schema.go:59.2,59.15 1 0
github.com/agp/db-mcp/internal/tools/schema.go:59.15,59.52 1 0
github.com/agp/db-mcp/internal/tools/schema.go:59.52,59.104 1 0
github.com/agp/db-mcp/internal/tools/schema.go:61.2,62.18 2 0
github.com/agp/db-mcp/internal/tools/schema.go:62.18,64.42 2 0
github.com/agp/db-mcp/internal/tools/schema.go:64.42,66.4 1 0
github.com/agp/db-mcp/internal/tools/schema.go:67.3,67.38 1 0
github.com/agp/db-mcp/internal/tools/schema.go:69.2,69.35 1 0
github.com/agp/db-mcp/internal/tools/schema.go:69.35,71.3 1 0
github.com/agp/db-mcp/internal/tools/schema.go:73.2,75.49 3 0
github.com/agp/db-mcp/internal/tools/schema.go:90.111,97.18 6 1
github.com/agp/db-mcp/internal/tools/schema.go:97.18,99.3 1 1
github.com/agp/db-mcp/internal/tools/schema.go:101.2,104.16 3 0
github.com/agp/db-mcp/internal/tools/schema.go:104.16,106.3 1 0
github.com/agp/db-mcp/internal/tools/schema.go:108.2,109.27 2 0
github.com/agp/db-mcp/internal/tools/schema.go:110.18,113.17 3 0
github.com/agp/db-mcp/internal/tools/schema.go:113.17,115.4 1 0
github.com/agp/db-mcp/internal/tools/schema.go:116.3,116.16 1 0
github.com/agp/db-mcp/internal/tools/schema.go:116.16,116.53 1 0
github.com/agp/db-mcp/internal/tools/schema.go:116.53,116.105 1 0
github.com/agp/db-mcp/internal/tools/schema.go:117.3,117.19 1 0
github.com/agp/db-mcp/internal/tools/schema.go:117.19,119.75 2 0
github.com/agp/db-mcp/internal/tools/schema.go:119.75,121.5 1 0
github.com/agp/db-mcp/internal/tools/schema.go:122.4,122.30 1 0
github.com/agp/db-mcp/internal/tools/schema.go:124.3,124.36 1 0
github.com/agp/db-mcp/internal/tools/schema.go:124.36,126.4 1 0
github.com/agp/db-mcp/internal/tools/schema.go:127.15,129.17 2 0
github.com/agp/db-mcp/internal/tools/schema.go:129.17,131.4 1 0
github.com/agp/db-mcp/internal/tools/schema.go:132.3,132.16 1 0
github.com/agp/db-mcp/internal/tools/schema.go:132.16,132.53 1 0
github.com/agp/db-mcp/internal/tools/schema.go:132.53,132.105 1 0
github.com/agp/db-mcp/internal/tools/schema.go:133.3,133.19 1 0
github.com/agp/db-mcp/internal/tools/schema.go:133.19,135.43 2 0
github.com/agp/db-mcp/internal/tools/schema.go:135.43,137.5 1 0
github.com/agp/db-mcp/internal/tools/schema.go:138.4,138.55 1 0
github.com/agp/db-mcp/internal/tools/schema.go:140.3,140.36 1 0
github.com/agp/db-mcp/internal/tools/schema.go:140.36,142.4 1 0
github.com/agp/db-mcp/internal/tools/schema.go:143.10,144.72 1 0
github.com/agp/db-mcp/internal/tools/schema.go:147.2,149.49 3 0
github.com/agp/db-mcp/internal/tools/schema.go:167.114,177.18 8 1
github.com/agp/db-mcp/internal/tools/schema.go:177.18,179.3 1 0
github.com/agp/db-mcp/internal/tools/schema.go:180.2,180.21 1 1
github.com/agp/db-mcp/internal/tools/schema.go:180.21,182.3 1 1
github.com/agp/db-mcp/internal/tools/schema.go:184.2,187.16 3 0
github.com/agp/db-mcp/internal/tools/schema.go:187.16,189.3 1 0
github.com/agp/db-mcp/internal/tools/schema.go:191.2,192.27 2 0
github.com/agp/db-mcp/internal/tools/schema.go:193.18,194.23 1 0
github.com/agp/db-mcp/internal/tools/schema.go:194.23,196.4 1 0
github.com/agp/db-mcp/internal/tools/schema.go:197.3,202.17 3 0
github.com/agp/db-mcp/internal/tools/schema.go:202.17,204.4 1 0
github.com/agp/db-mcp/internal/tools/schema.go:205.3,205.16 1 0
github.com/agp/db-mcp/internal/tools/schema.go:205.16,205.53 1 0
github.com/agp/db-mcp/internal/tools/schema.go:205.53,205.105 1 0
github.com/agp/db-mcp/internal/tools/schema.go:206.3,206.19 1 0
github.com/agp/db-mcp/internal/tools/schema.go:206.19,209.107 3 0
github.com/agp/db-mcp/internal/tools/schema.go:209.107,211.5 1 0
github.com/agp/db-mcp/internal/tools/schema.go:212.4,212.20 1 0
github.com/agp/db-mcp/internal/tools/schema.go:212.20,215.5 2 0
github.com/agp/db-mcp/internal/tools/schema.go:216.4,216.32 1 0
github.com/agp/db-mcp/internal/tools/schema.go:218.3,218.36 1 0
github.com/agp/db-mcp/internal/tools/schema.go:218.36,220.4 1 0
github.com/agp/db-mcp/internal/tools/schema.go:221.15,227.17 3 0
github.com/agp/db-mcp/internal/tools/schema.go:227.17,229.4 1 0
github.com/agp/db-mcp/internal/tools/schema.go:230.3,230.16 1 0
github.com/agp/db-mcp/internal/tools/schema.go:230.16,230.53 1 0
github.com/agp/db-mcp/internal/tools/schema.go:230.53,230.105 1 0
github.com/agp/db-mcp/internal/tools/schema.go:231.3,231.19 1 0
github.com/agp/db-mcp/internal/tools/schema.go:231.19,234.107 3 0
github.com/agp/db-mcp/internal/tools/schema.go:234.107,236.5 1 0
github.com/agp/db-mcp/internal/tools/schema.go:237.4,237.20 1 0
github.com/agp/db-mcp/internal/tools/schema.go:237.20,240.5 2 0
github.com/agp/db-mcp/internal/tools/schema.go:241.4,241.32 1 0
github.com/agp/db-mcp/internal/tools/schema.go:243.3,243.36 1 0
github.com/agp/db-mcp/internal/tools/schema.go:243.36,245.4 1 0
github.com/agp/db-mcp/internal/tools/schema.go:246.10,247.72 1 0
github.com/agp/db-mcp/internal/tools/schema.go:250.2,252.49 3 0
github.com/agp/db-mcp/internal/tools/schema.go:270.112,280.18 8 1
github.com/agp/db-mcp/internal/tools/schema.go:280.18,282.3 1 0
github.com/agp/db-mcp/internal/tools/schema.go:283.2,283.21 1 1
github.com/agp/db-mcp/internal/tools/schema.go:283.21,285.3 1 1
github.com/agp/db-mcp/internal/tools/schema.go:287.2,290.16 3 0
github.com/agp/db-mcp/internal/tools/schema.go:290.16,292.3 1 0
github.com/agp/db-mcp/internal/tools/schema.go:294.2,295.27 2 0
github.com/agp/db-mcp/internal/tools/schema.go:296.18,297.23 1 0
github.com/agp/db-mcp/internal/tools/schema.go:297.23,299.4 1 0
github.com/agp/db-mcp/internal/tools/schema.go:300.3,302.17 3 0
github.com/agp/db-mcp/internal/tools/schema.go:302.17,304.4 1 0
github.com/agp/db-mcp/internal/tools/schema.go:305.3,305.16 1 0
github.com/agp/db-mcp/internal/tools/schema.go:305.16,305.53 1 0
github.com/agp/db-mcp/internal/tools/schema.go:305.53,305.105 1 0
github.com/agp/db-mcp/internal/tools/schema.go:306.3,306.19 1 0
github.com/agp/db-mcp/internal/tools/schema.go:306.19,308.100 2 0
github.com/agp/db-mcp/internal/tools/schema.go:308.100,310.5 1 0
github.com/agp/db-mcp/internal/tools/schema.go:311.4,311.34 1 0
github.com/agp/db-mcp/internal/tools/schema.go:313.3,313.36 1 0
github.com/agp/db-mcp/internal/tools/schema.go:313.36,315.4 1 0
github.com/agp/db-mcp/internal/tools/schema.go:316.15,320.17 3 0
github.com/agp/db-mcp/internal/tools/schema.go:320.17,322.4 1 0
github.com/agp/db-mcp/internal/tools/schema.go:323.3,323.16 1 0
github.com/agp/db-mcp/internal/tools/schema.go:323.16,323.53 1 0
github.com/agp/db-mcp/internal/tools/schema.go:323.53,323.105 1 0
github.com/agp/db-mcp/internal/tools/schema.go:324.3,324.19 1 0
github.com/agp/db-mcp/internal/tools/schema.go:324.19,327.97 3 0
github.com/agp/db-mcp/internal/tools/schema.go:327.97,329.5 1 0
github.com/agp/db-mcp/internal/tools/schema.go:330.4,331.34 2 0
github.com/agp/db-mcp/internal/tools/schema.go:333.3,333.36 1 0
github.com/agp/db-mcp/internal/tools/schema.go:333.36,335.4 1 0
github.com/agp/db-mcp/internal/tools/schema.go:336.10,337.72 1 0
github.com/agp/db-mcp/internal/tools/schema.go:340.2,342.49 3 0
github.com/agp/db-mcp/internal/tools/schema.go:363.116,373.18 8 1
github.com/agp/db-mcp/internal/tools/schema.go:373.18,375.3 1 0
github.com/agp/db-mcp/internal/tools/schema.go:376.2,376.21 1 1
github.com/agp/db-mcp/internal/tools/schema.go:376.21,378.3 1 1
github.com/agp/db-mcp/internal/tools/schema.go:380.2,383.16 3 0
github.com/agp/db-mcp/internal/tools/schema.go:383.16,385.3 1 0
github.com/agp/db-mcp/internal/tools/schema.go:387.2,388.27 2 0
github.com/agp/db-mcp/internal/tools/schema.go:389.18,390.23 1 0
github.com/agp/db-mcp/internal/tools/schema.go:390.23,392.4 1 0
github.com/agp/db-mcp/internal/tools/schema.go:393.3,411.17 3 0
github.com/agp/db-mcp/internal/tools/schema.go:411.17,413.4 1 0
github.com/agp/db-mcp/internal/tools/schema.go:414.3,414.16 1 0
github.com/agp/db-mcp/internal/tools/schema.go:414.16,414.53 1 0
github.com/agp/db-mcp/internal/tools/schema.go:414.53,414.105 1 0
github.com/agp/db-mcp/internal/tools/schema.go:415.3,415.19 1 0
github.com/agp/db-mcp/internal/tools/schema.go:415.19,419.49 2 0
github.com/agp/db-mcp/internal/tools/schema.go:419.49,421.5 1 0
github.com/agp/db-mcp/internal/tools/schema.go:422.4,422.25 1 0
github.com/agp/db-mcp/internal/tools/schema.go:424.3,424.36 1 0
github.com/agp/db-mcp/internal/tools/schema.go:424.36,426.4 1 0
github.com/agp/db-mcp/internal/tools/schema.go:427.15,445.17 3 0
github.com/agp/db-mcp/internal/tools/schema.go:445.17,447.4 1 0
github.com/agp/db-mcp/internal/tools/schema.go:448.3,448.16 1 0
github.com/agp/db-mcp/internal/tools/schema.go:448.16,448.53 1 0
github.com/agp/db-mcp/internal/tools/schema.go:448.53,448.105 1 0
github.com/agp/db-mcp/internal/tools/schema.go:449.3,449.19 1 0
github.com/agp/db-mcp/internal/tools/schema.go:449.19,453.49 2 0
github.com/agp/db-mcp/internal/tools/schema.go:453.49,455.5 1 0
github.com/agp/db-mcp/internal/tools/schema.go:456.4,456.25 1 0
github.com/agp/db-mcp/internal/tools/schema.go:458.3,458.36 1 0
github.com/agp/db-mcp/internal/tools/schema.go:458.36,460.4 1 0
github.com/agp/db-mcp/internal/tools/schema.go:461.10,462.72 1 0
github.com/agp/db-mcp/internal/tools/schema.go:465.2,467.49 3 0
github.com/agp/db-mcp/internal/tools/schema.go:471.150,483.2 2 1
github.com/agp/db-mcp/internal/tools/schema.go:486.146,499.2 1 1
github.com/agp/db-mcp/internal/tools/stats.go:32.114,42.18 8 1
github.com/agp/db-mcp/internal/tools/stats.go:42.18,44.3 1 1
github.com/agp/db-mcp/internal/tools/stats.go:45.2,45.21 1 1
github.com/agp/db-mcp/internal/tools/stats.go:45.21,47.3 1 1
github.com/agp/db-mcp/internal/tools/stats.go:49.2,58.16 3 1
github.com/agp/db-mcp/internal/tools/stats.go:58.16,60.3 1 1
github.com/agp/db-mcp/internal/tools/stats.go:62.2,65.27 3 1
github.com/agp/db-mcp/internal/tools/stats.go:66.18,67.23 1 1
github.com/agp/db-mcp/internal/tools/stats.go:67.23,69.4 1 1
github.com/agp/db-mcp/internal/tools/stats.go:70.3,83.17 4 1
github.com/agp/db-mcp/internal/tools/stats.go:83.17,85.4 1 1
github.com/agp/db-mcp/internal/tools/stats.go:86.3,86.16 1 0
github.com/agp/db-mcp/internal/tools/stats.go:86.16,87.39 1 0
github.com/agp/db-mcp/internal/tools/stats.go:87.39,89.5 1 0
github.com/agp/db-mcp/internal/tools/stats.go:92.3,92.18 1 0
github.com/agp/db-mcp/internal/tools/stats.go:92.18,94.106 2 0
github.com/agp/db-mcp/internal/tools/stats.go:94.106,96.5 1 0
github.com/agp/db-mcp/internal/tools/stats.go:97.4,98.25 2 0
github.com/agp/db-mcp/internal/tools/stats.go:98.25,101.5 2 0
github.com/agp/db-mcp/internal/tools/stats.go:103.3,103.36 1 0
github.com/agp/db-mcp/internal/tools/stats.go:103.36,105.4 1 0
github.com/agp/db-mcp/internal/tools/stats.go:107.15,113.17 3 0
github.com/agp/db-mcp/internal/tools/stats.go:113.17,115.4 1 0
github.com/agp/db-mcp/internal/tools/stats.go:117.3,117.16 1 0
github.com/agp/db-mcp/internal/tools/stats.go:117.16,118.39 1 0
github.com/agp/db-mcp/internal/tools/stats.go:118.39,120.5 1 0
github.com/agp/db-mcp/internal/tools/stats.go:123.3,123.18 1 0
github.com/agp/db-mcp/internal/tools/stats.go:123.18,127.72 4 0
github.com/agp/db-mcp/internal/tools/stats.go:127.72,129.5 1 0
github.com/agp/db-mcp/internal/tools/stats.go:130.4,130.22 1 0
github.com/agp/db-mcp/internal/tools/stats.go:130.22,132.5 1 0
github.com/agp/db-mcp/internal/tools/stats.go:133.4,133.23 1 0
github.com/agp/db-mcp/internal/tools/stats.go:133.23,135.5 1 0
github.com/agp/db-mcp/internal/tools/stats.go:136.4,136.24 1 0
github.com/agp/db-mcp/internal/tools/stats.go:136.24,139.5 2 0
github.com/agp/db-mcp/internal/tools/stats.go:141.3,141.36 1 0
github.com/agp/db-mcp/internal/tools/stats.go:141.36,143.4 1 0
github.com/agp/db-mcp/internal/tools/stats.go:145.10,146.72 1 1
github.com/agp/db-mcp/internal/tools/stats.go:149.2,151.49 3 0
github.com/agp/db-mcp/internal/tools/transaction.go:32.45,39.2 3 0
github.com/agp/db-mcp/internal/tools/transaction.go:42.28,45.21 3 0
github.com/agp/db-mcp/internal/tools/transaction.go:45.21,47.3 1 0
github.com/agp/db-mcp/internal/tools/transaction.go:51.38,56.34 4 1
github.com/agp/db-mcp/internal/tools/transaction.go:56.34,57.33 1 1
github.com/agp/db-mcp/internal/tools/transaction.go:57.33,60.4 2 1
github.com/agp/db-mcp/internal/tools/transaction.go:65.70,78.2 6 1
github.com/agp/db-mcp/internal/tools/transaction.go:81.54,86.2 4 1
github.com/agp/db-mcp/internal/tools/transaction.go:89.40,93.2 3 1
github.com/agp/db-mcp/internal/tools/transaction.go:96.34,99.34 3 1
github.com/agp/db-mcp/internal/tools/transaction.go:99.34,102.3 2 1
github.com/agp/db-mcp/internal/tools/transaction.go:112.117,120.18 6 1
github.com/agp/db-mcp/internal/tools/transaction.go:120.18,122.3 1 1
github.com/agp/db-mcp/internal/tools/transaction.go:124.2,133.16 3 1
github.com/agp/db-mcp/internal/tools/transaction.go:133.16,135.3 1 0
github.com/agp/db-mcp/internal/tools/transaction.go:137.2,138.16 2 1
github.com/agp/db-mcp/internal/tools/transaction.go:138.16,140.3 1 1
github.com/agp/db-mcp/internal/tools/transaction.go:142.2,147.41 4 0
github.com/agp/db-mcp/internal/tools/transaction.go:156.118,162.16 5 1
github.com/agp/db-mcp/internal/tools/transaction.go:162.16,164.3 1 1
github.com/agp/db-mcp/internal/tools/transaction.go:166.2,173.9 3 1
github.com/agp/db-mcp/internal/tools/transaction.go:173.9,175.3 1 1
github.com/agp/db-mcp/internal/tools/transaction.go:177.2,177.42 1 0
github.com/agp/db-mcp/internal/tools/transaction.go:177.42,189.3 2 0
github.com/agp/db-mcp/internal/tools/transaction.go:191.2,194.57 3 0
github.com/agp/db-mcp/internal/tools/transaction.go:203.120,209.16 5 1
github.com/agp/db-mcp/internal/tools/transaction.go:209.16,211.3 1 1
github.com/agp/db-mcp/internal/tools/transaction.go:213.2,220.9 3 1
github.com/agp/db-mcp/internal/tools/transaction.go:220.9,222.3 1 1
github.com/agp/db-mcp/internal/tools/transaction.go:224.2,224.44 1 0
github.com/agp/db-mcp/internal/tools/transaction.go:224.44,236.3 2 0
github.com/agp/db-mcp/internal/tools/transaction.go:238.2,241.59 3 0
