mode: set
github.com/agp/db-mcp/internal/setup/config_writer.go:20.55,24.2 1 1
github.com/agp/db-mcp/internal/setup/config_writer.go:28.65,31.48 2 1
github.com/agp/db-mcp/internal/setup/config_writer.go:31.48,33.3 1 0
github.com/agp/db-mcp/internal/setup/config_writer.go:36.2,36.31 1 1
github.com/agp/db-mcp/internal/setup/config_writer.go:36.31,37.43 1 1
github.com/agp/db-mcp/internal/setup/config_writer.go:37.43,40.4 1 0
github.com/agp/db-mcp/internal/setup/config_writer.go:44.2,45.31 2 1
github.com/agp/db-mcp/internal/setup/config_writer.go:45.31,47.3 1 1
github.com/agp/db-mcp/internal/setup/config_writer.go:50.2,56.20 2 1
github.com/agp/db-mcp/internal/setup/config_writer.go:56.20,58.3 1 1
github.com/agp/db-mcp/internal/setup/config_writer.go:61.2,61.28 1 1
github.com/agp/db-mcp/internal/setup/config_writer.go:65.46,72.16 5 1
github.com/agp/db-mcp/internal/setup/config_writer.go:72.16,74.3 1 0
github.com/agp/db-mcp/internal/setup/config_writer.go:76.2,76.65 1 1
github.com/agp/db-mcp/internal/setup/config_writer.go:76.65,78.3 1 0
github.com/agp/db-mcp/internal/setup/config_writer.go:80.2,80.12 1 1
github.com/agp/db-mcp/internal/setup/config_writer.go:84.63,90.13 4 1
github.com/agp/db-mcp/internal/setup/config_writer.go:91.15,93.17 2 1
github.com/agp/db-mcp/internal/setup/config_writer.go:93.17,95.4 1 0
github.com/agp/db-mcp/internal/setup/config_writer.go:96.10,99.17 2 0
github.com/agp/db-mcp/internal/setup/config_writer.go:99.17,101.4 1 0
github.com/agp/db-mcp/internal/setup/config_writer.go:105.2,107.16 3 1
github.com/agp/db-mcp/internal/setup/config_writer.go:107.16,109.3 1 0
github.com/agp/db-mcp/internal/setup/config_writer.go:111.2,112.62 2 1
github.com/agp/db-mcp/internal/setup/config_writer.go:112.62,116.3 3 0
github.com/agp/db-mcp/internal/setup/config_writer.go:117.2,120.58 2 1
github.com/agp/db-mcp/internal/setup/config_writer.go:120.58,123.3 2 0
github.com/agp/db-mcp/internal/setup/config_writer.go:126.2,126.55 1 1
github.com/agp/db-mcp/internal/setup/config_writer.go:126.55,128.3 1 0
github.com/agp/db-mcp/internal/setup/config_writer.go:130.2,131.12 2 1
github.com/agp/db-mcp/internal/setup/config_writer.go:135.37,136.16 1 1
github.com/agp/db-mcp/internal/setup/config_writer.go:136.16,138.3 1 1
github.com/agp/db-mcp/internal/setup/config_writer.go:139.2,139.20 1 1
github.com/agp/db-mcp/internal/setup/config_writer.go:139.20,141.17 2 1
github.com/agp/db-mcp/internal/setup/config_writer.go:141.17,143.4 1 0
github.com/agp/db-mcp/internal/setup/config_writer.go:144.3,144.42 1 1
github.com/agp/db-mcp/internal/setup/config_writer.go:146.2,146.13 1 1
github.com/agp/db-mcp/internal/setup/config_writer.go:150.35,153.2 2 1
github.com/agp/db-mcp/internal/setup/connection_tester.go:20.67,21.18 1 1
github.com/agp/db-mcp/internal/setup/connection_tester.go:21.18,23.3 1 1
github.com/agp/db-mcp/internal/setup/connection_tester.go:24.2,24.44 1 1
github.com/agp/db-mcp/internal/setup/connection_tester.go:28.87,34.20 4 1
github.com/agp/db-mcp/internal/setup/connection_tester.go:35.18,36.30 1 1
github.com/agp/db-mcp/internal/setup/connection_tester.go:37.15,38.27 1 1
github.com/agp/db-mcp/internal/setup/connection_tester.go:39.16,40.28 1 1
github.com/agp/db-mcp/internal/setup/connection_tester.go:41.10,42.69 1 1
github.com/agp/db-mcp/internal/setup/connection_tester.go:45.2,46.16 2 1
github.com/agp/db-mcp/internal/setup/connection_tester.go:46.16,48.3 1 1
github.com/agp/db-mcp/internal/setup/connection_tester.go:49.2,51.44 2 1
github.com/agp/db-mcp/internal/setup/connection_tester.go:51.44,53.3 1 1
github.com/agp/db-mcp/internal/setup/connection_tester.go:55.2,56.32 2 0
github.com/agp/db-mcp/internal/setup/connection_tester.go:60.51,62.19 2 1
github.com/agp/db-mcp/internal/setup/connection_tester.go:62.19,64.3 1 1
github.com/agp/db-mcp/internal/setup/connection_tester.go:66.2,69.12 2 1
github.com/agp/db-mcp/internal/setup/connection_tester.go:73.48,76.2 1 1
github.com/agp/db-mcp/internal/setup/connection_tester.go:79.49,81.2 1 1
github.com/agp/db-mcp/internal/setup/database_prompts.go:11.57,20.16 5 0
github.com/agp/db-mcp/internal/setup/database_prompts.go:20.16,22.3 1 0
github.com/agp/db-mcp/internal/setup/database_prompts.go:25.2,25.51 1 0
github.com/agp/db-mcp/internal/setup/database_prompts.go:25.51,27.3 1 0
github.com/agp/db-mcp/internal/setup/database_prompts.go:30.2,36.16 3 0
github.com/agp/db-mcp/internal/setup/database_prompts.go:36.16,38.3 1 0
github.com/agp/db-mcp/internal/setup/database_prompts.go:40.2,46.16 2 0
github.com/agp/db-mcp/internal/setup/database_prompts.go:47.27,48.56 1 0
github.com/agp/db-mcp/internal/setup/database_prompts.go:48.56,50.4 1 0
github.com/agp/db-mcp/internal/setup/database_prompts.go:51.16,52.51 1 0
github.com/agp/db-mcp/internal/setup/database_prompts.go:52.51,54.4 1 0
github.com/agp/db-mcp/internal/setup/database_prompts.go:57.2,57.17 1 0
github.com/agp/db-mcp/internal/setup/database_prompts.go:61.66,67.16 2 0
github.com/agp/db-mcp/internal/setup/database_prompts.go:67.16,69.3 1 0
github.com/agp/db-mcp/internal/setup/database_prompts.go:72.2,73.23 2 0
github.com/agp/db-mcp/internal/setup/database_prompts.go:73.23,75.3 1 0
github.com/agp/db-mcp/internal/setup/database_prompts.go:76.2,81.16 3 0
github.com/agp/db-mcp/internal/setup/database_prompts.go:81.16,83.3 1 0
github.com/agp/db-mcp/internal/setup/database_prompts.go:85.2,85.19 1 0
github.com/agp/db-mcp/internal/setup/database_prompts.go:85.19,87.3 1 0
github.com/agp/db-mcp/internal/setup/database_prompts.go:87.8,89.61 2 0
github.com/agp/db-mcp/internal/setup/database_prompts.go:89.61,91.4 1 0
github.com/agp/db-mcp/internal/setup/database_prompts.go:92.3,92.31 1 0
github.com/agp/db-mcp/internal/setup/database_prompts.go:92.31,94.4 1 0
github.com/agp/db-mcp/internal/setup/database_prompts.go:95.3,95.18 1 0
github.com/agp/db-mcp/internal/setup/database_prompts.go:99.2,102.16 2 0
github.com/agp/db-mcp/internal/setup/database_prompts.go:102.16,104.3 1 0
github.com/agp/db-mcp/internal/setup/database_prompts.go:106.2,106.24 1 0
github.com/agp/db-mcp/internal/setup/database_prompts.go:106.24,108.3 1 0
github.com/agp/db-mcp/internal/setup/database_prompts.go:111.2,114.16 2 0
github.com/agp/db-mcp/internal/setup/database_prompts.go:114.16,116.3 1 0
github.com/agp/db-mcp/internal/setup/database_prompts.go:119.2,122.16 2 0
github.com/agp/db-mcp/internal/setup/database_prompts.go:122.16,124.3 1 0
github.com/agp/db-mcp/internal/setup/database_prompts.go:126.2,126.24 1 0
github.com/agp/db-mcp/internal/setup/database_prompts.go:126.24,128.3 1 0
github.com/agp/db-mcp/internal/setup/database_prompts.go:131.2,131.26 1 0
github.com/agp/db-mcp/internal/setup/database_prompts.go:131.26,137.17 2 0
github.com/agp/db-mcp/internal/setup/database_prompts.go:137.17,139.4 1 0
github.com/agp/db-mcp/internal/setup/database_prompts.go:140.8,147.17 2 0
github.com/agp/db-mcp/internal/setup/database_prompts.go:147.17,149.4 1 0
github.com/agp/db-mcp/internal/setup/database_prompts.go:152.2,152.12 1 0
github.com/agp/db-mcp/internal/setup/database_prompts.go:156.54,161.16 2 0
github.com/agp/db-mcp/internal/setup/database_prompts.go:161.16,163.3 1 0
github.com/agp/db-mcp/internal/setup/database_prompts.go:165.2,165.24 1 0
github.com/agp/db-mcp/internal/setup/database_prompts.go:165.24,167.3 1 0
github.com/agp/db-mcp/internal/setup/database_prompts.go:169.2,169.12 1 0
github.com/agp/db-mcp/internal/setup/database_prompts.go:173.46,174.16 1 0
github.com/agp/db-mcp/internal/setup/database_prompts.go:174.16,176.3 1 0
github.com/agp/db-mcp/internal/setup/database_prompts.go:178.2,178.20 1 0
github.com/agp/db-mcp/internal/setup/database_prompts.go:178.20,180.3 1 0
github.com/agp/db-mcp/internal/setup/database_prompts.go:183.2,183.26 1 0
github.com/agp/db-mcp/internal/setup/database_prompts.go:183.26,184.103 1 0
github.com/agp/db-mcp/internal/setup/database_prompts.go:184.103,186.4 1 0
github.com/agp/db-mcp/internal/setup/database_prompts.go:189.2,189.12 1 0
github.com/agp/db-mcp/internal/setup/database_prompts.go:193.39,200.2 3 0
github.com/agp/db-mcp/internal/setup/database_prompts.go:203.54,217.16 3 0
github.com/agp/db-mcp/internal/setup/database_prompts.go:217.16,219.3 1 0
github.com/agp/db-mcp/internal/setup/database_prompts.go:221.2,227.33 2 0
github.com/agp/db-mcp/internal/setup/database_prompts.go:227.33,228.16 1 0
github.com/agp/db-mcp/internal/setup/database_prompts.go:229.25,230.35 1 0
github.com/agp/db-mcp/internal/setup/database_prompts.go:231.22,232.32 1 0
github.com/agp/db-mcp/internal/setup/database_prompts.go:233.17,234.27 1 0
github.com/agp/db-mcp/internal/setup/database_prompts.go:238.2,239.20 2 0
github.com/agp/db-mcp/internal/setup/database_prompts.go:243.59,249.16 3 0
github.com/agp/db-mcp/internal/setup/database_prompts.go:249.16,251.3 1 0
github.com/agp/db-mcp/internal/setup/database_prompts.go:253.2,253.22 1 0
github.com/agp/db-mcp/internal/setup/database_prompts.go:253.22,255.3 1 0
github.com/agp/db-mcp/internal/setup/database_prompts.go:257.2,257.24 1 0
github.com/agp/db-mcp/internal/setup/database_prompts.go:261.46,267.16 3 0
github.com/agp/db-mcp/internal/setup/database_prompts.go:267.16,269.3 1 0
github.com/agp/db-mcp/internal/setup/database_prompts.go:270.2,270.14 1 0
github.com/agp/db-mcp/internal/setup/types.go:41.67,56.2 1 1
github.com/agp/db-mcp/internal/setup/validation.go:10.52,11.47 1 1
github.com/agp/db-mcp/internal/setup/validation.go:11.47,13.3 1 1
github.com/agp/db-mcp/internal/setup/validation.go:15.2,15.20 1 1
github.com/agp/db-mcp/internal/setup/validation.go:16.27,17.52 1 1
github.com/agp/db-mcp/internal/setup/validation.go:17.52,19.4 1 0
github.com/agp/db-mcp/internal/setup/validation.go:20.16,21.55 1 1
github.com/agp/db-mcp/internal/setup/validation.go:21.55,23.4 1 0
github.com/agp/db-mcp/internal/setup/validation.go:24.10,25.58 1 1
github.com/agp/db-mcp/internal/setup/validation.go:28.2,28.12 1 1
github.com/agp/db-mcp/internal/setup/validation.go:32.38,33.16 1 1
github.com/agp/db-mcp/internal/setup/validation.go:33.16,35.3 1 1
github.com/agp/db-mcp/internal/setup/validation.go:37.2,37.20 1 1
github.com/agp/db-mcp/internal/setup/validation.go:37.20,39.3 1 1
github.com/agp/db-mcp/internal/setup/validation.go:41.2,41.26 1 1
github.com/agp/db-mcp/internal/setup/validation.go:41.26,42.103 1 1
github.com/agp/db-mcp/internal/setup/validation.go:42.103,44.4 1 1
github.com/agp/db-mcp/internal/setup/validation.go:47.2,47.12 1 1
github.com/agp/db-mcp/internal/setup/validation.go:51.55,52.20 1 1
github.com/agp/db-mcp/internal/setup/validation.go:52.20,54.3 1 1
github.com/agp/db-mcp/internal/setup/validation.go:56.2,56.38 1 1
github.com/agp/db-mcp/internal/setup/validation.go:56.38,58.3 1 1
github.com/agp/db-mcp/internal/setup/validation.go:60.2,60.24 1 1
github.com/agp/db-mcp/internal/setup/validation.go:60.24,62.3 1 1
github.com/agp/db-mcp/internal/setup/validation.go:64.2,64.24 1 1
github.com/agp/db-mcp/internal/setup/validation.go:64.24,66.3 1 1
github.com/agp/db-mcp/internal/setup/validation.go:68.2,68.12 1 1
github.com/agp/db-mcp/internal/setup/validation.go:72.58,73.24 1 1
github.com/agp/db-mcp/internal/setup/validation.go:73.24,75.3 1 1
github.com/agp/db-mcp/internal/setup/validation.go:77.2,77.12 1 1
github.com/agp/db-mcp/internal/setup/validation.go:81.50,85.2 3 1
github.com/agp/db-mcp/internal/setup/validation.go:88.47,90.16 2 1
github.com/agp/db-mcp/internal/setup/validation.go:90.16,92.3 1 1
github.com/agp/db-mcp/internal/setup/validation.go:94.2,94.30 1 1
github.com/agp/db-mcp/internal/setup/validation.go:94.30,96.3 1 1
github.com/agp/db-mcp/internal/setup/validation.go:98.2,98.18 1 1
github.com/agp/db-mcp/internal/setup/wizard.go:18.47,19.20 1 0
github.com/agp/db-mcp/internal/setup/wizard.go:19.20,23.3 1 0
github.com/agp/db-mcp/internal/setup/wizard.go:25.2,33.3 1 0
github.com/agp/db-mcp/internal/setup/wizard.go:37.46,45.16 4 0
github.com/agp/db-mcp/internal/setup/wizard.go:45.16,47.3 1 0
github.com/agp/db-mcp/internal/setup/wizard.go:49.2,49.25 1 0
github.com/agp/db-mcp/internal/setup/wizard.go:49.25,52.3 2 0
github.com/agp/db-mcp/internal/setup/wizard.go:54.2,57.35 2 0
github.com/agp/db-mcp/internal/setup/wizard.go:57.35,59.32 2 0
github.com/agp/db-mcp/internal/setup/wizard.go:59.32,62.18 3 0
github.com/agp/db-mcp/internal/setup/wizard.go:62.18,65.5 2 0
github.com/agp/db-mcp/internal/setup/wizard.go:66.4,66.16 1 0
github.com/agp/db-mcp/internal/setup/wizard.go:66.16,70.19 3 0
github.com/agp/db-mcp/internal/setup/wizard.go:70.19,72.6 1 0
github.com/agp/db-mcp/internal/setup/wizard.go:73.5,73.14 1 0
github.com/agp/db-mcp/internal/setup/wizard.go:73.14,75.20 2 0
github.com/agp/db-mcp/internal/setup/wizard.go:75.20,77.7 1 0
github.com/agp/db-mcp/internal/setup/wizard.go:78.6,79.9 2 0
github.com/agp/db-mcp/internal/setup/wizard.go:80.11,82.6 1 0
github.com/agp/db-mcp/internal/setup/wizard.go:83.10,85.5 1 0
github.com/agp/db-mcp/internal/setup/wizard.go:90.2,91.56 2 0
github.com/agp/db-mcp/internal/setup/wizard.go:91.56,93.3 1 0
github.com/agp/db-mcp/internal/setup/wizard.go:94.2,98.38 3 0
github.com/agp/db-mcp/internal/setup/wizard.go:98.38,100.53 2 0
github.com/agp/db-mcp/internal/setup/wizard.go:100.53,103.4 1 0
github.com/agp/db-mcp/internal/setup/wizard.go:107.2,109.22 2 0
github.com/agp/db-mcp/internal/setup/wizard.go:113.62,116.20 2 0
github.com/agp/db-mcp/internal/setup/wizard.go:116.20,118.17 2 0
github.com/agp/db-mcp/internal/setup/wizard.go:118.17,120.4 1 0
github.com/agp/db-mcp/internal/setup/wizard.go:123.3,123.48 1 0
github.com/agp/db-mcp/internal/setup/wizard.go:123.48,125.12 2 0
github.com/agp/db-mcp/internal/setup/wizard.go:128.3,131.13 2 0
github.com/agp/db-mcp/internal/setup/wizard.go:131.13,133.9 2 0
github.com/agp/db-mcp/internal/setup/wizard.go:136.3,137.17 2 0
github.com/agp/db-mcp/internal/setup/wizard.go:137.17,139.4 1 0
github.com/agp/db-mcp/internal/setup/wizard.go:141.3,141.18 1 0
github.com/agp/db-mcp/internal/setup/wizard.go:141.18,142.9 1 0
github.com/agp/db-mcp/internal/setup/wizard.go:146.2,146.23 1 0
github.com/agp/db-mcp/internal/setup/wizard.go:150.50,152.16 2 0
github.com/agp/db-mcp/internal/setup/wizard.go:152.16,154.3 1 0
github.com/agp/db-mcp/internal/setup/wizard.go:157.2,157.38 1 0
github.com/agp/db-mcp/internal/setup/wizard.go:157.38,159.3 1 0
github.com/agp/db-mcp/internal/setup/wizard.go:161.2,161.12 1 0
github.com/agp/db-mcp/internal/setup/wizard.go:165.45,168.2 2 0
github.com/agp/db-mcp/internal/setup/wizard.go:171.23,177.2 5 0
github.com/agp/db-mcp/internal/setup/wizard.go:180.45,188.38 7 0
github.com/agp/db-mcp/internal/setup/wizard.go:188.38,190.55 2 0
github.com/agp/db-mcp/internal/setup/wizard.go:190.55,191.15 1 0
github.com/agp/db-mcp/internal/setup/wizard.go:191.15,193.5 1 0
github.com/agp/db-mcp/internal/setup/wizard.go:193.10,195.5 1 0
github.com/agp/db-mcp/internal/setup/wizard.go:199.2,202.55 4 0
